h:\bala_office\koushi\project\framework\demo\builds\visualstudio2015\debug\displaysink.obj
h:\bala_office\koushi\project\framework\demo\builds\visualstudio2015\debug\elementfactory.obj
h:\bala_office\koushi\project\framework\demo\builds\visualstudio2015\debug\webcamsource.obj
h:\bala_office\koushi\project\framework\demo\builds\visualstudio2015\debug\mainwindow.obj
h:\bala_office\koushi\project\framework\demo\builds\visualstudio2015\debug\animationdemo.obj
h:\bala_office\koushi\project\framework\demo\builds\visualstudio2015\debug\audiolatencydemo.obj
h:\bala_office\koushi\project\framework\demo\builds\visualstudio2015\debug\audiosettingsdemo.obj
h:\bala_office\koushi\project\framework\demo\builds\visualstudio2015\debug\audiosynthesiserdemo.obj
h:\bala_office\koushi\project\framework\demo\builds\visualstudio2015\debug\camerademo.obj
h:\bala_office\koushi\project\framework\demo\builds\visualstudio2015\debug\componenttransformsdemo.obj
h:\bala_office\koushi\project\framework\demo\builds\visualstudio2015\debug\dialogsdemo.obj
h:\bala_office\koushi\project\framework\demo\builds\visualstudio2015\debug\fontsdemo.obj
h:\bala_office\koushi\project\framework\demo\builds\visualstudio2015\debug\graphicsdemo.obj
h:\bala_office\koushi\project\framework\demo\builds\visualstudio2015\debug\keymappingsdemo.obj
h:\bala_office\koushi\project\framework\demo\builds\visualstudio2015\debug\lookandfeeldemo.obj
h:\bala_office\koushi\project\framework\demo\builds\visualstudio2015\debug\mdidemo.obj
h:\bala_office\koushi\project\framework\demo\builds\visualstudio2015\debug\multithreadingdemo.obj
h:\bala_office\koushi\project\framework\demo\builds\visualstudio2015\debug\opengldemo.obj
h:\bala_office\koushi\project\framework\demo\builds\visualstudio2015\debug\propertiesdemo.obj
h:\bala_office\koushi\project\framework\demo\builds\visualstudio2015\debug\timersandeventsdemo.obj
h:\bala_office\koushi\project\framework\demo\builds\visualstudio2015\debug\valuetreesdemo.obj
h:\bala_office\koushi\project\framework\demo\builds\visualstudio2015\debug\webbrowserdemo.obj
h:\bala_office\koushi\project\framework\demo\builds\visualstudio2015\debug\windowsdemo.obj
h:\bala_office\koushi\project\framework\demo\builds\visualstudio2015\debug\binarydata.obj
h:\bala_office\koushi\project\framework\demo\builds\visualstudio2015\debug\juce_audio_basics.obj
h:\bala_office\koushi\project\framework\demo\builds\visualstudio2015\debug\juce_audio_formats.obj
h:\bala_office\koushi\project\framework\demo\builds\visualstudio2015\debug\juce_audio_utils.obj
h:\bala_office\koushi\project\framework\demo\builds\visualstudio2015\debug\juce_core.obj
h:\bala_office\koushi\project\framework\demo\builds\visualstudio2015\debug\juce_graphics.obj
h:\bala_office\koushi\project\framework\demo\builds\visualstudio2015\debug\juce_gui_extra.obj
h:\bala_office\koushi\project\framework\demo\builds\visualstudio2015\debug\juce_video.obj
h:\bala_office\koushi\project\framework\demo\builds\visualstudio2015\debug\baseelement.obj
h:\bala_office\koushi\project\framework\demo\builds\visualstudio2015\debug\main.obj
h:\bala_office\koushi\project\framework\demo\builds\visualstudio2015\debug\introscreen.obj
h:\bala_office\koushi\project\framework\demo\builds\visualstudio2015\debug\audioplaybackdemo.obj
h:\bala_office\koushi\project\framework\demo\builds\visualstudio2015\debug\audiorecordingdemo.obj
h:\bala_office\koushi\project\framework\demo\builds\visualstudio2015\debug\box2ddemo.obj
h:\bala_office\koushi\project\framework\demo\builds\visualstudio2015\debug\childprocessdemo.obj
h:\bala_office\koushi\project\framework\demo\builds\visualstudio2015\debug\codeeditordemo.obj
h:\bala_office\koushi\project\framework\demo\builds\visualstudio2015\debug\cryptographydemo.obj
h:\bala_office\koushi\project\framework\demo\builds\visualstudio2015\debug\flexboxdemo.obj
h:\bala_office\koushi\project\framework\demo\builds\visualstudio2015\debug\imagesdemo.obj
h:\bala_office\koushi\project\framework\demo\builds\visualstudio2015\debug\javascript.obj
h:\bala_office\koushi\project\framework\demo\builds\visualstudio2015\debug\liveconstantdemo.obj
h:\bala_office\koushi\project\framework\demo\builds\visualstudio2015\debug\mididemo.obj
h:\bala_office\koushi\project\framework\demo\builds\visualstudio2015\debug\multitouch.obj
h:\bala_office\koushi\project\framework\demo\builds\visualstudio2015\debug\networkingdemo.obj
h:\bala_office\koushi\project\framework\demo\builds\visualstudio2015\debug\opengldemo2d.obj
h:\bala_office\koushi\project\framework\demo\builds\visualstudio2015\debug\systeminfodemo.obj
h:\bala_office\koushi\project\framework\demo\builds\visualstudio2015\debug\unittestsdemo.obj
h:\bala_office\koushi\project\framework\demo\builds\visualstudio2015\debug\videodemo.obj
h:\bala_office\koushi\project\framework\demo\builds\visualstudio2015\debug\widgetsdemo.obj
h:\bala_office\koushi\project\framework\demo\builds\visualstudio2015\debug\xmlandjsondemo.obj
h:\bala_office\koushi\project\framework\demo\builds\visualstudio2015\debug\juce_audio_devices.obj
h:\bala_office\koushi\project\framework\demo\builds\visualstudio2015\debug\juce_audio_processors.obj
h:\bala_office\koushi\project\framework\demo\builds\visualstudio2015\debug\juce_box2d.obj
h:\bala_office\koushi\project\framework\demo\builds\visualstudio2015\debug\juce_cryptography.obj
h:\bala_office\koushi\project\framework\demo\builds\visualstudio2015\debug\juce_data_structures.obj
h:\bala_office\koushi\project\framework\demo\builds\visualstudio2015\debug\juce_events.obj
h:\bala_office\koushi\project\framework\demo\builds\visualstudio2015\debug\juce_gui_basics.obj
h:\bala_office\koushi\project\framework\demo\builds\visualstudio2015\debug\juce_opengl.obj
h:\bala_office\koushi\project\framework\demo\builds\visualstudio2015\debug\vc140.pdb
h:\bala_office\koushi\project\framework\demo\builds\visualstudio2015\debug\jucedemo.ilk
h:\bala_office\koushi\project\framework\demo\builds\visualstudio2015\debug\jucedemo.exe
h:\bala_office\koushi\project\framework\demo\builds\visualstudio2015\debug\jucedemo.pdb
h:\bala_office\koushi\project\framework\demo\builds\visualstudio2015\debug\resources.res
h:\bala_office\koushi\project\framework\demo\builds\visualstudio2015\debug\vc140.idb
h:\bala_office\koushi\project\framework\demo\builds\visualstudio2015\debug\jucedemo.tlog\cl.command.1.tlog
h:\bala_office\koushi\project\framework\demo\builds\visualstudio2015\debug\jucedemo.tlog\cl.read.1.tlog
h:\bala_office\koushi\project\framework\demo\builds\visualstudio2015\debug\jucedemo.tlog\cl.write.1.tlog
h:\bala_office\koushi\project\framework\demo\builds\visualstudio2015\debug\jucedemo.tlog\link.command.1.tlog
h:\bala_office\koushi\project\framework\demo\builds\visualstudio2015\debug\jucedemo.tlog\link.read.1.tlog
h:\bala_office\koushi\project\framework\demo\builds\visualstudio2015\debug\jucedemo.tlog\link.write.1.tlog
h:\bala_office\koushi\project\framework\demo\builds\visualstudio2015\debug\jucedemo.tlog\rc.command.1.tlog
h:\bala_office\koushi\project\framework\demo\builds\visualstudio2015\debug\jucedemo.tlog\rc.read.1.tlog
h:\bala_office\koushi\project\framework\demo\builds\visualstudio2015\debug\jucedemo.tlog\rc.write.1.tlog
